This file contains any messages produced by compilers while
running configure, to aid debugging if configure makes a mistake.

It was created by epulse configure 0.1, which was
generated by GNU Autoconf 2.69.  Invocation command line was

  $ ./configure --prefix=/usr

## --------- ##
## Platform. ##
## --------- ##

hostname = hoogland-clevo
uname -m = x86_64
uname -r = 3.13.0-55-generic
uname -s = Linux
uname -v = #94-Ubuntu SMP Thu Jun 18 00:27:10 UTC 2015

/usr/bin/uname -p = unknown
/bin/uname -X     = unknown

/bin/arch              = unknown
/usr/bin/arch -k       = unknown
/usr/convex/getsysinfo = unknown
/usr/bin/hostinfo      = unknown
/bin/machine           = unknown
/usr/bin/oslevel       = unknown
/bin/universe          = unknown

PATH: /usr/bin
PATH: /usr/games
PATH: /home/jeff/bin
PATH: /usr/local/sbin
PATH: /usr/local/bin
PATH: /usr/sbin
PATH: /usr/bin
PATH: /sbin
PATH: /bin
PATH: /usr/games
PATH: /usr/local/games
PATH: /usr/lib/jvm/java-7-oracle/bin
PATH: /usr/lib/jvm/java-7-oracle/db/bin
PATH: /usr/lib/jvm/java-7-oracle/jre/bin


## ----------- ##
## Core tests. ##
## ----------- ##

configure:2465: checking for a BSD-compatible install
configure:2533: result: /usr/bin/install -c
configure:2544: checking whether build environment is sane
configure:2599: result: yes
configure:2750: checking for a thread-safe mkdir -p
configure:2789: result: /bin/mkdir -p
configure:2796: checking for gawk
configure:2812: found /usr/bin/gawk
configure:2823: result: gawk
configure:2834: checking whether make sets $(MAKE)
configure:2856: result: yes
configure:2885: checking whether make supports nested variables
configure:2902: result: yes
configure:3041: checking whether make supports nested variables
configure:3058: result: yes
configure:3124: checking for pkg-config
configure:3142: found /usr/bin/pkg-config
configure:3154: result: /usr/bin/pkg-config
configure:3179: checking pkg-config is at least version 0.9.0
configure:3182: result: yes
configure:3210: checking for style of include used by make
configure:3238: result: GNU
configure:3309: checking for gcc
configure:3325: found /usr/bin/gcc
configure:3336: result: gcc
configure:3565: checking for C compiler version
configure:3574: gcc --version >&5
gcc (Ubuntu 4.8.4-2ubuntu1~14.04) 4.8.4
Copyright (C) 2013 Free Software Foundation, Inc.
This is free software; see the source for copying conditions.  There is NO
warranty; not even for MERCHANTABILITY or FITNESS FOR A PARTICULAR PURPOSE.

configure:3585: $? = 0
configure:3574: gcc -v >&5
Using built-in specs.
COLLECT_GCC=gcc
COLLECT_LTO_WRAPPER=/usr/lib/gcc/x86_64-linux-gnu/4.8/lto-wrapper
Target: x86_64-linux-gnu
Configured with: ../src/configure -v --with-pkgversion='Ubuntu 4.8.4-2ubuntu1~14.04' --with-bugurl=file:///usr/share/doc/gcc-4.8/README.Bugs --enable-languages=c,c++,java,go,d,fortran,objc,obj-c++ --prefix=/usr --program-suffix=-4.8 --enable-shared --enable-linker-build-id --libexecdir=/usr/lib --without-included-gettext --enable-threads=posix --with-gxx-include-dir=/usr/include/c++/4.8 --libdir=/usr/lib --enable-nls --with-sysroot=/ --enable-clocale=gnu --enable-libstdcxx-debug --enable-libstdcxx-time=yes --enable-gnu-unique-object --disable-libmudflap --enable-plugin --with-system-zlib --disable-browser-plugin --enable-java-awt=gtk --enable-gtk-cairo --with-java-home=/usr/lib/jvm/java-1.5.0-gcj-4.8-amd64/jre --enable-java-home --with-jvm-root-dir=/usr/lib/jvm/java-1.5.0-gcj-4.8-amd64 --with-jvm-jar-dir=/usr/lib/jvm-exports/java-1.5.0-gcj-4.8-amd64 --with-arch-directory=amd64 --with-ecj-jar=/usr/share/java/eclipse-ecj.jar --enable-objc-gc --enable-multiarch --disable-werror --with-arch-32=i686 --with-abi=m64 --with-multilib-list=m32,m64,mx32 --with-tune=generic --enable-checking=release --build=x86_64-linux-gnu --host=x86_64-linux-gnu --target=x86_64-linux-gnu
Thread model: posix
gcc version 4.8.4 (Ubuntu 4.8.4-2ubuntu1~14.04) 
configure:3585: $? = 0
configure:3574: gcc -V >&5
gcc: error: unrecognized command line option '-V'
gcc: fatal error: no input files
compilation terminated.
configure:3585: $? = 4
configure:3574: gcc -qversion >&5
gcc: error: unrecognized command line option '-qversion'
gcc: fatal error: no input files
compilation terminated.
configure:3585: $? = 4
configure:3605: checking whether the C compiler works
configure:3627: gcc    conftest.c  >&5
configure:3631: $? = 0
configure:3679: result: yes
configure:3682: checking for C compiler default output file name
configure:3684: result: a.out
configure:3690: checking for suffix of executables
configure:3697: gcc -o conftest    conftest.c  >&5
configure:3701: $? = 0
configure:3723: result: 
configure:3745: checking whether we are cross compiling
configure:3753: gcc -o conftest    conftest.c  >&5
configure:3757: $? = 0
configure:3764: ./conftest
configure:3768: $? = 0
configure:3783: result: no
configure:3788: checking for suffix of object files
configure:3810: gcc -c   conftest.c >&5
configure:3814: $? = 0
configure:3835: result: o
configure:3839: checking whether we are using the GNU C compiler
configure:3858: gcc -c   conftest.c >&5
configure:3858: $? = 0
configure:3867: result: yes
configure:3876: checking whether gcc accepts -g
configure:3896: gcc -c -g  conftest.c >&5
configure:3896: $? = 0
configure:3937: result: yes
configure:3954: checking for gcc option to accept ISO C89
configure:4017: gcc  -c -g -O2  conftest.c >&5
configure:4017: $? = 0
configure:4030: result: none needed
configure:4055: checking whether gcc understands -c and -o together
configure:4077: gcc -c conftest.c -o conftest2.o
configure:4080: $? = 0
configure:4077: gcc -c conftest.c -o conftest2.o
configure:4080: $? = 0
configure:4092: result: yes
configure:4111: checking dependency style of gcc
configure:4222: result: gcc3
configure:4243: checking how to run the C preprocessor
configure:4274: gcc -E  conftest.c
configure:4274: $? = 0
configure:4288: gcc -E  conftest.c
conftest.c:11:28: fatal error: ac_nonexistent.h: No such file or directory
 #include <ac_nonexistent.h>
                            ^
compilation terminated.
configure:4288: $? = 1
configure: failed program was:
| /* confdefs.h */
| #define PACKAGE_NAME "epulse"
| #define PACKAGE_TARNAME "epulse"
| #define PACKAGE_VERSION "0.1"
| #define PACKAGE_STRING "epulse 0.1"
| #define PACKAGE_BUGREPORT "flavio.ceolin@gmail.com"
| #define PACKAGE_URL ""
| #define PACKAGE "epulse"
| #define VERSION "0.1"
| /* end confdefs.h.  */
| #include <ac_nonexistent.h>
configure:4313: result: gcc -E
configure:4333: gcc -E  conftest.c
configure:4333: $? = 0
configure:4347: gcc -E  conftest.c
conftest.c:11:28: fatal error: ac_nonexistent.h: No such file or directory
 #include <ac_nonexistent.h>
                            ^
compilation terminated.
configure:4347: $? = 1
configure: failed program was:
| /* confdefs.h */
| #define PACKAGE_NAME "epulse"
| #define PACKAGE_TARNAME "epulse"
| #define PACKAGE_VERSION "0.1"
| #define PACKAGE_STRING "epulse 0.1"
| #define PACKAGE_BUGREPORT "flavio.ceolin@gmail.com"
| #define PACKAGE_URL ""
| #define PACKAGE "epulse"
| #define VERSION "0.1"
| /* end confdefs.h.  */
| #include <ac_nonexistent.h>
configure:4376: checking for grep that handles long lines and -e
configure:4434: result: /bin/grep
configure:4439: checking for egrep
configure:4501: result: /bin/grep -E
configure:4506: checking for ANSI C header files
configure:4526: gcc -c -g -O2  conftest.c >&5
configure:4526: $? = 0
configure:4599: gcc -o conftest -g -O2   conftest.c  >&5
configure:4599: $? = 0
configure:4599: ./conftest
configure:4599: $? = 0
configure:4610: result: yes
configure:4623: checking for sys/types.h
configure:4623: gcc -c -g -O2  conftest.c >&5
configure:4623: $? = 0
configure:4623: result: yes
configure:4623: checking for sys/stat.h
configure:4623: gcc -c -g -O2  conftest.c >&5
configure:4623: $? = 0
configure:4623: result: yes
configure:4623: checking for stdlib.h
configure:4623: gcc -c -g -O2  conftest.c >&5
configure:4623: $? = 0
configure:4623: result: yes
configure:4623: checking for string.h
configure:4623: gcc -c -g -O2  conftest.c >&5
configure:4623: $? = 0
configure:4623: result: yes
configure:4623: checking for memory.h
configure:4623: gcc -c -g -O2  conftest.c >&5
configure:4623: $? = 0
configure:4623: result: yes
configure:4623: checking for strings.h
configure:4623: gcc -c -g -O2  conftest.c >&5
configure:4623: $? = 0
configure:4623: result: yes
configure:4623: checking for inttypes.h
configure:4623: gcc -c -g -O2  conftest.c >&5
configure:4623: $? = 0
configure:4623: result: yes
configure:4623: checking for stdint.h
configure:4623: gcc -c -g -O2  conftest.c >&5
configure:4623: $? = 0
configure:4623: result: yes
configure:4623: checking for unistd.h
configure:4623: gcc -c -g -O2  conftest.c >&5
configure:4623: $? = 0
configure:4623: result: yes
configure:4636: checking minix/config.h usability
configure:4636: gcc -c -g -O2  conftest.c >&5
conftest.c:54:26: fatal error: minix/config.h: No such file or directory
 #include <minix/config.h>
                          ^
compilation terminated.
configure:4636: $? = 1
configure: failed program was:
| /* confdefs.h */
| #define PACKAGE_NAME "epulse"
| #define PACKAGE_TARNAME "epulse"
| #define PACKAGE_VERSION "0.1"
| #define PACKAGE_STRING "epulse 0.1"
| #define PACKAGE_BUGREPORT "flavio.ceolin@gmail.com"
| #define PACKAGE_URL ""
| #define PACKAGE "epulse"
| #define VERSION "0.1"
| #define STDC_HEADERS 1
| #define HAVE_SYS_TYPES_H 1
| #define HAVE_SYS_STAT_H 1
| #define HAVE_STDLIB_H 1
| #define HAVE_STRING_H 1
| #define HAVE_MEMORY_H 1
| #define HAVE_STRINGS_H 1
| #define HAVE_INTTYPES_H 1
| #define HAVE_STDINT_H 1
| #define HAVE_UNISTD_H 1
| /* end confdefs.h.  */
| #include <stdio.h>
| #ifdef HAVE_SYS_TYPES_H
| # include <sys/types.h>
| #endif
| #ifdef HAVE_SYS_STAT_H
| # include <sys/stat.h>
| #endif
| #ifdef STDC_HEADERS
| # include <stdlib.h>
| # include <stddef.h>
| #else
| # ifdef HAVE_STDLIB_H
| #  include <stdlib.h>
| # endif
| #endif
| #ifdef HAVE_STRING_H
| # if !defined STDC_HEADERS && defined HAVE_MEMORY_H
| #  include <memory.h>
| # endif
| # include <string.h>
| #endif
| #ifdef HAVE_STRINGS_H
| # include <strings.h>
| #endif
| #ifdef HAVE_INTTYPES_H
| # include <inttypes.h>
| #endif
| #ifdef HAVE_STDINT_H
| # include <stdint.h>
| #endif
| #ifdef HAVE_UNISTD_H
| # include <unistd.h>
| #endif
| #include <minix/config.h>
configure:4636: result: no
configure:4636: checking minix/config.h presence
configure:4636: gcc -E  conftest.c
conftest.c:21:26: fatal error: minix/config.h: No such file or directory
 #include <minix/config.h>
                          ^
compilation terminated.
configure:4636: $? = 1
configure: failed program was:
| /* confdefs.h */
| #define PACKAGE_NAME "epulse"
| #define PACKAGE_TARNAME "epulse"
| #define PACKAGE_VERSION "0.1"
| #define PACKAGE_STRING "epulse 0.1"
| #define PACKAGE_BUGREPORT "flavio.ceolin@gmail.com"
| #define PACKAGE_URL ""
| #define PACKAGE "epulse"
| #define VERSION "0.1"
| #define STDC_HEADERS 1
| #define HAVE_SYS_TYPES_H 1
| #define HAVE_SYS_STAT_H 1
| #define HAVE_STDLIB_H 1
| #define HAVE_STRING_H 1
| #define HAVE_MEMORY_H 1
| #define HAVE_STRINGS_H 1
| #define HAVE_INTTYPES_H 1
| #define HAVE_STDINT_H 1
| #define HAVE_UNISTD_H 1
| /* end confdefs.h.  */
| #include <minix/config.h>
configure:4636: result: no
configure:4636: checking for minix/config.h
configure:4636: result: no
configure:4657: checking whether it is safe to define __EXTENSIONS__
configure:4675: gcc -c -g -O2  conftest.c >&5
configure:4675: $? = 0
configure:4682: result: yes
configure:4744: checking for gcc
configure:4771: result: gcc
configure:5000: checking for C compiler version
configure:5009: gcc --version >&5
gcc (Ubuntu 4.8.4-2ubuntu1~14.04) 4.8.4
Copyright (C) 2013 Free Software Foundation, Inc.
This is free software; see the source for copying conditions.  There is NO
warranty; not even for MERCHANTABILITY or FITNESS FOR A PARTICULAR PURPOSE.

configure:5020: $? = 0
configure:5009: gcc -v >&5
Using built-in specs.
COLLECT_GCC=gcc
COLLECT_LTO_WRAPPER=/usr/lib/gcc/x86_64-linux-gnu/4.8/lto-wrapper
Target: x86_64-linux-gnu
Configured with: ../src/configure -v --with-pkgversion='Ubuntu 4.8.4-2ubuntu1~14.04' --with-bugurl=file:///usr/share/doc/gcc-4.8/README.Bugs --enable-languages=c,c++,java,go,d,fortran,objc,obj-c++ --prefix=/usr --program-suffix=-4.8 --enable-shared --enable-linker-build-id --libexecdir=/usr/lib --without-included-gettext --enable-threads=posix --with-gxx-include-dir=/usr/include/c++/4.8 --libdir=/usr/lib --enable-nls --with-sysroot=/ --enable-clocale=gnu --enable-libstdcxx-debug --enable-libstdcxx-time=yes --enable-gnu-unique-object --disable-libmudflap --enable-plugin --with-system-zlib --disable-browser-plugin --enable-java-awt=gtk --enable-gtk-cairo --with-java-home=/usr/lib/jvm/java-1.5.0-gcj-4.8-amd64/jre --enable-java-home --with-jvm-root-dir=/usr/lib/jvm/java-1.5.0-gcj-4.8-amd64 --with-jvm-jar-dir=/usr/lib/jvm-exports/java-1.5.0-gcj-4.8-amd64 --with-arch-directory=amd64 --with-ecj-jar=/usr/share/java/eclipse-ecj.jar --enable-objc-gc --enable-multiarch --disable-werror --with-arch-32=i686 --with-abi=m64 --with-multilib-list=m32,m64,mx32 --with-tune=generic --enable-checking=release --build=x86_64-linux-gnu --host=x86_64-linux-gnu --target=x86_64-linux-gnu
Thread model: posix
gcc version 4.8.4 (Ubuntu 4.8.4-2ubuntu1~14.04) 
configure:5020: $? = 0
configure:5009: gcc -V >&5
gcc: error: unrecognized command line option '-V'
gcc: fatal error: no input files
compilation terminated.
configure:5020: $? = 4
configure:5009: gcc -qversion >&5
gcc: error: unrecognized command line option '-qversion'
gcc: fatal error: no input files
compilation terminated.
configure:5020: $? = 4
configure:5024: checking whether we are using the GNU C compiler
configure:5052: result: yes
configure:5061: checking whether gcc accepts -g
configure:5122: result: yes
configure:5139: checking for gcc option to accept ISO C89
configure:5215: result: none needed
configure:5240: checking whether gcc understands -c and -o together
configure:5277: result: yes
configure:5296: checking dependency style of gcc
configure:5407: result: gcc3
configure:5480: checking for g++
configure:5496: found /usr/bin/g++
configure:5507: result: g++
configure:5534: checking for C++ compiler version
configure:5543: g++ --version >&5
g++ (Ubuntu 4.8.4-2ubuntu1~14.04) 4.8.4
Copyright (C) 2013 Free Software Foundation, Inc.
This is free software; see the source for copying conditions.  There is NO
warranty; not even for MERCHANTABILITY or FITNESS FOR A PARTICULAR PURPOSE.

configure:5554: $? = 0
configure:5543: g++ -v >&5
Using built-in specs.
COLLECT_GCC=g++
COLLECT_LTO_WRAPPER=/usr/lib/gcc/x86_64-linux-gnu/4.8/lto-wrapper
Target: x86_64-linux-gnu
Configured with: ../src/configure -v --with-pkgversion='Ubuntu 4.8.4-2ubuntu1~14.04' --with-bugurl=file:///usr/share/doc/gcc-4.8/README.Bugs --enable-languages=c,c++,java,go,d,fortran,objc,obj-c++ --prefix=/usr --program-suffix=-4.8 --enable-shared --enable-linker-build-id --libexecdir=/usr/lib --without-included-gettext --enable-threads=posix --with-gxx-include-dir=/usr/include/c++/4.8 --libdir=/usr/lib --enable-nls --with-sysroot=/ --enable-clocale=gnu --enable-libstdcxx-debug --enable-libstdcxx-time=yes --enable-gnu-unique-object --disable-libmudflap --enable-plugin --with-system-zlib --disable-browser-plugin --enable-java-awt=gtk --enable-gtk-cairo --with-java-home=/usr/lib/jvm/java-1.5.0-gcj-4.8-amd64/jre --enable-java-home --with-jvm-root-dir=/usr/lib/jvm/java-1.5.0-gcj-4.8-amd64 --with-jvm-jar-dir=/usr/lib/jvm-exports/java-1.5.0-gcj-4.8-amd64 --with-arch-directory=amd64 --with-ecj-jar=/usr/share/java/eclipse-ecj.jar --enable-objc-gc --enable-multiarch --disable-werror --with-arch-32=i686 --with-abi=m64 --with-multilib-list=m32,m64,mx32 --with-tune=generic --enable-checking=release --build=x86_64-linux-gnu --host=x86_64-linux-gnu --target=x86_64-linux-gnu
Thread model: posix
gcc version 4.8.4 (Ubuntu 4.8.4-2ubuntu1~14.04) 
configure:5554: $? = 0
configure:5543: g++ -V >&5
g++: error: unrecognized command line option '-V'
g++: fatal error: no input files
compilation terminated.
configure:5554: $? = 4
configure:5543: g++ -qversion >&5
g++: error: unrecognized command line option '-qversion'
g++: fatal error: no input files
compilation terminated.
configure:5554: $? = 4
configure:5558: checking whether we are using the GNU C++ compiler
configure:5577: g++ -c   conftest.cpp >&5
configure:5577: $? = 0
configure:5586: result: yes
configure:5595: checking whether g++ accepts -g
configure:5615: g++ -c -g  conftest.cpp >&5
configure:5615: $? = 0
configure:5656: result: yes
configure:5681: checking dependency style of g++
configure:5792: result: gcc3
configure:5810: checking for __attribute__
configure:5835: gcc -c -g -O2  conftest.c >&5
configure:5835: $? = 0
configure:5845: result: yes
configure:5923: checking build system type
configure:5937: result: x86_64-unknown-linux-gnu
configure:5957: checking host system type
configure:5970: result: x86_64-unknown-linux-gnu
configure:6011: checking how to print strings
configure:6038: result: printf
configure:6059: checking for a sed that does not truncate output
configure:6123: result: /bin/sed
configure:6141: checking for fgrep
configure:6203: result: /bin/grep -F
configure:6238: checking for ld used by gcc
configure:6305: result: /usr/bin/ld
configure:6312: checking if the linker (/usr/bin/ld) is GNU ld
configure:6327: result: yes
configure:6339: checking for BSD- or MS-compatible name lister (nm)
configure:6388: result: /usr/bin/nm -B
configure:6518: checking the name lister (/usr/bin/nm -B) interface
configure:6525: gcc -c -g -O2  conftest.c >&5
configure:6528: /usr/bin/nm -B "conftest.o"
configure:6531: output
0000000000000000 B some_variable
configure:6538: result: BSD nm
configure:6541: checking whether ln -s works
configure:6545: result: yes
configure:6553: checking the maximum length of command line arguments
configure:6684: result: 1572864
configure:6701: checking whether the shell understands some XSI constructs
configure:6711: result: yes
configure:6715: checking whether the shell understands "+="
configure:6721: result: yes
configure:6756: checking how to convert x86_64-unknown-linux-gnu file names to x86_64-unknown-linux-gnu format
configure:6796: result: func_convert_file_noop
configure:6803: checking how to convert x86_64-unknown-linux-gnu file names to toolchain format
configure:6823: result: func_convert_file_noop
configure:6830: checking for /usr/bin/ld option to reload object files
configure:6837: result: -r
configure:6911: checking for objdump
configure:6927: found /usr/bin/objdump
configure:6938: result: objdump
configure:6970: checking how to recognize dependent libraries
configure:7168: result: pass_all
configure:7253: checking for dlltool
configure:7283: result: no
configure:7313: checking how to associate runtime and link libraries
configure:7340: result: printf %s\n
configure:7400: checking for ar
configure:7416: found /usr/bin/ar
configure:7427: result: ar
configure:7464: checking for archiver @FILE support
configure:7481: gcc -c -g -O2  conftest.c >&5
configure:7481: $? = 0
configure:7484: ar cru libconftest.a @conftest.lst >&5
configure:7487: $? = 0
configure:7492: ar cru libconftest.a @conftest.lst >&5
ar: conftest.o: No such file or directory
configure:7495: $? = 1
configure:7507: result: @
configure:7565: checking for strip
configure:7581: found /usr/bin/strip
configure:7592: result: strip
configure:7664: checking for ranlib
configure:7680: found /usr/bin/ranlib
configure:7691: result: ranlib
configure:7793: checking command to parse /usr/bin/nm -B output from gcc object
configure:7913: gcc -c -g -O2  conftest.c >&5
configure:7916: $? = 0
configure:7920: /usr/bin/nm -B conftest.o \| sed -n -e 's/^.*[ ]\([ABCDGIRSTW][ABCDGIRSTW]*\)[ ][ ]*\([_A-Za-z][_A-Za-z0-9]*\)$/\1 \2 \2/p' | sed '/ __gnu_lto/d' \> conftest.nm
configure:7923: $? = 0
configure:7989: gcc -o conftest -g -O2   conftest.c conftstm.o >&5
configure:7992: $? = 0
configure:8030: result: ok
configure:8067: checking for sysroot
configure:8097: result: no
configure:8174: gcc -c -g -O2  conftest.c >&5
configure:8177: $? = 0
configure:8366: checking for mt
configure:8382: found /bin/mt
configure:8393: result: mt
configure:8416: checking if mt is a manifest tool
configure:8422: mt '-?'
configure:8430: result: no
configure:9069: checking for dlfcn.h
configure:9069: gcc -c -g -O2  conftest.c >&5
configure:9069: $? = 0
configure:9069: result: yes
configure:9256: checking for objdir
configure:9271: result: .libs
configure:9542: checking if gcc supports -fno-rtti -fno-exceptions
configure:9560: gcc -c -g -O2  -fno-rtti -fno-exceptions conftest.c >&5
cc1: warning: command line option '-fno-rtti' is valid for C++/ObjC++ but not for C [enabled by default]
configure:9564: $? = 0
configure:9577: result: no
configure:9904: checking for gcc option to produce PIC
configure:9911: result: -fPIC -DPIC
configure:9919: checking if gcc PIC flag -fPIC -DPIC works
configure:9937: gcc -c -g -O2  -fPIC -DPIC -DPIC conftest.c >&5
configure:9941: $? = 0
configure:9954: result: yes
configure:9983: checking if gcc static flag -static works
configure:10011: result: yes
configure:10026: checking if gcc supports -c -o file.o
configure:10047: gcc -c -g -O2  -o out/conftest2.o conftest.c >&5
configure:10051: $? = 0
configure:10073: result: yes
configure:10081: checking if gcc supports -c -o file.o
configure:10128: result: yes
configure:10161: checking whether the gcc linker (/usr/bin/ld -m elf_x86_64) supports shared libraries
configure:11318: result: yes
configure:11355: checking whether -lc should be explicitly linked in
configure:11363: gcc -c -g -O2  conftest.c >&5
configure:11366: $? = 0
configure:11381: gcc -shared  -fPIC -DPIC conftest.o  -v -Wl,-soname -Wl,conftest -o conftest 2\>\&1 \| /bin/grep  -lc  \>/dev/null 2\>\&1
configure:11384: $? = 0
configure:11398: result: no
configure:11558: checking dynamic linker characteristics
configure:12058: gcc -o conftest -g -O2   -Wl,-rpath -Wl,/foo conftest.c  >&5
configure:12058: $? = 0
configure:12292: result: GNU/Linux ld.so
configure:12399: checking how to hardcode library paths into programs
configure:12424: result: immediate
configure:12964: checking whether stripping libraries is possible
configure:12969: result: yes
configure:13004: checking if libtool supports shared libraries
configure:13006: result: yes
configure:13009: checking whether to build shared libraries
configure:13030: result: yes
configure:13033: checking whether to build static libraries
configure:13037: result: no
configure:13060: checking how to run the C++ preprocessor
configure:13087: g++ -E  conftest.cpp
configure:13087: $? = 0
configure:13101: g++ -E  conftest.cpp
conftest.cpp:30:28: fatal error: ac_nonexistent.h: No such file or directory
 #include <ac_nonexistent.h>
                            ^
compilation terminated.
configure:13101: $? = 1
configure: failed program was:
| /* confdefs.h */
| #define PACKAGE_NAME "epulse"
| #define PACKAGE_TARNAME "epulse"
| #define PACKAGE_VERSION "0.1"
| #define PACKAGE_STRING "epulse 0.1"
| #define PACKAGE_BUGREPORT "flavio.ceolin@gmail.com"
| #define PACKAGE_URL ""
| #define PACKAGE "epulse"
| #define VERSION "0.1"
| #define STDC_HEADERS 1
| #define HAVE_SYS_TYPES_H 1
| #define HAVE_SYS_STAT_H 1
| #define HAVE_STDLIB_H 1
| #define HAVE_STRING_H 1
| #define HAVE_MEMORY_H 1
| #define HAVE_STRINGS_H 1
| #define HAVE_INTTYPES_H 1
| #define HAVE_STDINT_H 1
| #define HAVE_UNISTD_H 1
| #define __EXTENSIONS__ 1
| #define _ALL_SOURCE 1
| #define _GNU_SOURCE 1
| #define _POSIX_PTHREAD_SEMANTICS 1
| #define _TANDEM_SOURCE 1
| #define HAVE___ATTRIBUTE__ 1
| #define __UNUSED__ __attribute__((unused))
| #define HAVE_DLFCN_H 1
| #define LT_OBJDIR ".libs/"
| /* end confdefs.h.  */
| #include <ac_nonexistent.h>
configure:13126: result: g++ -E
configure:13146: g++ -E  conftest.cpp
configure:13146: $? = 0
configure:13160: g++ -E  conftest.cpp
conftest.cpp:30:28: fatal error: ac_nonexistent.h: No such file or directory
 #include <ac_nonexistent.h>
                            ^
compilation terminated.
configure:13160: $? = 1
configure: failed program was:
| /* confdefs.h */
| #define PACKAGE_NAME "epulse"
| #define PACKAGE_TARNAME "epulse"
| #define PACKAGE_VERSION "0.1"
| #define PACKAGE_STRING "epulse 0.1"
| #define PACKAGE_BUGREPORT "flavio.ceolin@gmail.com"
| #define PACKAGE_URL ""
| #define PACKAGE "epulse"
| #define VERSION "0.1"
| #define STDC_HEADERS 1
| #define HAVE_SYS_TYPES_H 1
| #define HAVE_SYS_STAT_H 1
| #define HAVE_STDLIB_H 1
| #define HAVE_STRING_H 1
| #define HAVE_MEMORY_H 1
| #define HAVE_STRINGS_H 1
| #define HAVE_INTTYPES_H 1
| #define HAVE_STDINT_H 1
| #define HAVE_UNISTD_H 1
| #define __EXTENSIONS__ 1
| #define _ALL_SOURCE 1
| #define _GNU_SOURCE 1
| #define _POSIX_PTHREAD_SEMANTICS 1
| #define _TANDEM_SOURCE 1
| #define HAVE___ATTRIBUTE__ 1
| #define __UNUSED__ __attribute__((unused))
| #define HAVE_DLFCN_H 1
| #define LT_OBJDIR ".libs/"
| /* end confdefs.h.  */
| #include <ac_nonexistent.h>
configure:13329: checking for ld used by g++
configure:13396: result: /usr/bin/ld -m elf_x86_64
configure:13403: checking if the linker (/usr/bin/ld -m elf_x86_64) is GNU ld
configure:13418: result: yes
configure:13473: checking whether the g++ linker (/usr/bin/ld -m elf_x86_64) supports shared libraries
configure:14475: result: yes
configure:14511: g++ -c -g -O2  conftest.cpp >&5
configure:14514: $? = 0
configure:15034: checking for g++ option to produce PIC
configure:15041: result: -fPIC -DPIC
configure:15049: checking if g++ PIC flag -fPIC -DPIC works
configure:15067: g++ -c -g -O2  -fPIC -DPIC -DPIC conftest.cpp >&5
configure:15071: $? = 0
configure:15084: result: yes
configure:15107: checking if g++ static flag -static works
configure:15135: result: yes
configure:15147: checking if g++ supports -c -o file.o
configure:15168: g++ -c -g -O2  -o out/conftest2.o conftest.cpp >&5
configure:15172: $? = 0
configure:15194: result: yes
configure:15199: checking if g++ supports -c -o file.o
configure:15246: result: yes
configure:15276: checking whether the g++ linker (/usr/bin/ld -m elf_x86_64) supports shared libraries
configure:15315: result: yes
configure:15456: checking dynamic linker characteristics
configure:16124: result: GNU/Linux ld.so
configure:16177: checking how to hardcode library paths into programs
configure:16202: result: immediate
configure:16275: checking whether the compiler supports 
configure:16289: gcc -c -g -O2   conftest.c >&5
configure:16289: $? = 0
configure:16295: result: yes
configure:16320: checking whether the compiler supports -Wall
configure:16334: gcc -c -g -O2  -Wall  conftest.c >&5
configure:16334: $? = 0
configure:16340: result: yes
configure:16365: checking whether the compiler supports -Wextra
configure:16379: gcc -c -g -O2  -Wall -Wextra  conftest.c >&5
configure:16379: $? = 0
configure:16385: result: yes
configure:16410: checking whether the compiler supports -Wshadow
configure:16424: gcc -c -g -O2  -Wall -Wextra -Wshadow  conftest.c >&5
configure:16424: $? = 0
configure:16430: result: yes
configure:16455: checking whether the compiler supports -fvisibility=hidden
configure:16469: gcc -c -g -O2  -Wall -Wextra -Wshadow -fvisibility=hidden  conftest.c >&5
configure:16469: $? = 0
configure:16475: result: yes
configure:16505: edje_cc set to /usr/bin/edje_cc
configure:16523: checking whether NLS is requested
configure:16532: result: yes
configure:16573: checking for msgfmt
configure: trying /usr/bin/msgfmt...
0 translated messages.
configure:16605: result: /usr/bin/msgfmt
configure:16614: checking for gmsgfmt
configure:16645: result: /usr/bin/msgfmt
configure:16696: checking for xgettext
configure: trying /usr/bin/xgettext...
/usr/bin/xgettext: warning: file '/dev/null' extension '' is unknown; will try C
configure:16728: result: /usr/bin/xgettext
configure:16774: checking for msgmerge
configure: trying /usr/bin/msgmerge...
configure:16805: result: /usr/bin/msgmerge
configure:16862: checking for ld used by GCC
configure:16926: result: /usr/bin/ld -m elf_x86_64
configure:16933: checking if the linker (/usr/bin/ld -m elf_x86_64) is GNU ld
configure:16946: result: yes
configure:16953: checking for shared library run path origin
configure:16966: result: done
configure:17538: checking for CFPreferencesCopyAppValue
configure:17556: gcc -o conftest -g -O2  -Wall -Wextra -Wshadow -fvisibility=hidden   conftest.c  -Wl,-framework -Wl,CoreFoundation >&5
conftest.c:30:42: fatal error: CoreFoundation/CFPreferences.h: No such file or directory
 #include <CoreFoundation/CFPreferences.h>
                                          ^
compilation terminated.
configure:17556: $? = 1
configure: failed program was:
| /* confdefs.h */
| #define PACKAGE_NAME "epulse"
| #define PACKAGE_TARNAME "epulse"
| #define PACKAGE_VERSION "0.1"
| #define PACKAGE_STRING "epulse 0.1"
| #define PACKAGE_BUGREPORT "flavio.ceolin@gmail.com"
| #define PACKAGE_URL ""
| #define PACKAGE "epulse"
| #define VERSION "0.1"
| #define STDC_HEADERS 1
| #define HAVE_SYS_TYPES_H 1
| #define HAVE_SYS_STAT_H 1
| #define HAVE_STDLIB_H 1
| #define HAVE_STRING_H 1
| #define HAVE_MEMORY_H 1
| #define HAVE_STRINGS_H 1
| #define HAVE_INTTYPES_H 1
| #define HAVE_STDINT_H 1
| #define HAVE_UNISTD_H 1
| #define __EXTENSIONS__ 1
| #define _ALL_SOURCE 1
| #define _GNU_SOURCE 1
| #define _POSIX_PTHREAD_SEMANTICS 1
| #define _TANDEM_SOURCE 1
| #define HAVE___ATTRIBUTE__ 1
| #define __UNUSED__ __attribute__((unused))
| #define HAVE_DLFCN_H 1
| #define LT_OBJDIR ".libs/"
| /* end confdefs.h.  */
| #include <CoreFoundation/CFPreferences.h>
| int
| main ()
| {
| CFPreferencesCopyAppValue(NULL, NULL)
|   ;
|   return 0;
| }
configure:17565: result: no
configure:17572: checking for CFLocaleCopyCurrent
configure:17590: gcc -o conftest -g -O2  -Wall -Wextra -Wshadow -fvisibility=hidden   conftest.c  -Wl,-framework -Wl,CoreFoundation >&5
conftest.c:30:37: fatal error: CoreFoundation/CFLocale.h: No such file or directory
 #include <CoreFoundation/CFLocale.h>
                                     ^
compilation terminated.
configure:17590: $? = 1
configure: failed program was:
| /* confdefs.h */
| #define PACKAGE_NAME "epulse"
| #define PACKAGE_TARNAME "epulse"
| #define PACKAGE_VERSION "0.1"
| #define PACKAGE_STRING "epulse 0.1"
| #define PACKAGE_BUGREPORT "flavio.ceolin@gmail.com"
| #define PACKAGE_URL ""
| #define PACKAGE "epulse"
| #define VERSION "0.1"
| #define STDC_HEADERS 1
| #define HAVE_SYS_TYPES_H 1
| #define HAVE_SYS_STAT_H 1
| #define HAVE_STDLIB_H 1
| #define HAVE_STRING_H 1
| #define HAVE_MEMORY_H 1
| #define HAVE_STRINGS_H 1
| #define HAVE_INTTYPES_H 1
| #define HAVE_STDINT_H 1
| #define HAVE_UNISTD_H 1
| #define __EXTENSIONS__ 1
| #define _ALL_SOURCE 1
| #define _GNU_SOURCE 1
| #define _POSIX_PTHREAD_SEMANTICS 1
| #define _TANDEM_SOURCE 1
| #define HAVE___ATTRIBUTE__ 1
| #define __UNUSED__ __attribute__((unused))
| #define HAVE_DLFCN_H 1
| #define LT_OBJDIR ".libs/"
| /* end confdefs.h.  */
| #include <CoreFoundation/CFLocale.h>
| int
| main ()
| {
| CFLocaleCopyCurrent();
|   ;
|   return 0;
| }
configure:17599: result: no
configure:17648: checking for GNU gettext in libc
configure:17668: gcc -o conftest -g -O2  -Wall -Wextra -Wshadow -fvisibility=hidden   conftest.c  >&5
configure:17668: $? = 0
configure:17677: result: yes
configure:18468: checking whether to use NLS
configure:18470: result: yes
configure:18473: checking where the gettext function comes from
configure:18484: result: libc
configure:18545: checking for EFL
configure:18557: $PKG_CONFIG --exists --print-errors "
		elementary
		eet
		ecore
		ecore-file
	 "
configure:18565: $? = 0
configure:18589: $PKG_CONFIG --exists --print-errors "
		elementary
		eet
		ecore
		ecore-file
	 "
configure:18597: $? = 0
configure:18675: result: yes
configure:18705: checking for ENOTIFY
configure:18712: $PKG_CONFIG --exists --print-errors " edbus "
configure:18715: $? = 0
configure:18729: $PKG_CONFIG --exists --print-errors " edbus "
configure:18732: $? = 0
configure:18778: result: yes
configure:18798: checking for E
configure:18805: $PKG_CONFIG --exists --print-errors "enlightenment >= 0.18 enlightenment < 0.19"
Requested 'enlightenment >= 0.18' but version of enlightenment is 0.17.6
configure:18808: $? = 1
configure:18822: $PKG_CONFIG --exists --print-errors "enlightenment >= 0.18 enlightenment < 0.19"
Requested 'enlightenment >= 0.18' but version of enlightenment is 0.17.6
configure:18825: $? = 1
configure:18839: result: no
Requested 'enlightenment >= 0.18' but version of enlightenment is 0.17.6
configure:18857: checking for E
configure:18864: $PKG_CONFIG --exists --print-errors "enlightenment >= 0.17"
configure:18867: $? = 0
configure:18881: $PKG_CONFIG --exists --print-errors "enlightenment >= 0.17"
configure:18884: $? = 0
configure:18942: result: yes
configure:19054: checking for PULSE
configure:19064: $PKG_CONFIG --exists --print-errors "
		libpulse-simple
		libpulse
	 "
configure:19070: $? = 0
configure:19090: $PKG_CONFIG --exists --print-errors "
		libpulse-simple
		libpulse
	 "
configure:19096: $? = 0
configure:19166: result: yes
configure:19314: checking that generated files are newer than configure
configure:19320: result: done
configure:19355: creating ./config.status

## ---------------------- ##
## Running config.status. ##
## ---------------------- ##

This file was extended by epulse config.status 0.1, which was
generated by GNU Autoconf 2.69.  Invocation command line was

  CONFIG_FILES    = 
  CONFIG_HEADERS  = 
  CONFIG_LINKS    = 
  CONFIG_COMMANDS = 
  $ ./config.status 

on hoogland-clevo

config.status:1217: creating po/Makefile.in
config.status:1217: creating Makefile
config.status:1217: creating data/xml/module.desktop
config.status:1217: creating config.h
config.status:1446: executing depfiles commands
config.status:1446: executing libtool commands
config.status:1446: executing po-directories commands

## ---------------- ##
## Cache variables. ##
## ---------------- ##

ac_cv___attribute__=yes
ac_cv_build=x86_64-unknown-linux-gnu
ac_cv_c_compiler_gnu=yes
ac_cv_cxx_compiler_gnu=yes
ac_cv_env_CCC_set=
ac_cv_env_CCC_value=
ac_cv_env_CC_set=
ac_cv_env_CC_value=
ac_cv_env_CFLAGS_set=
ac_cv_env_CFLAGS_value=
ac_cv_env_CPPFLAGS_set=
ac_cv_env_CPPFLAGS_value=
ac_cv_env_CPP_set=
ac_cv_env_CPP_value=
ac_cv_env_CXXCPP_set=
ac_cv_env_CXXCPP_value=
ac_cv_env_CXXFLAGS_set=
ac_cv_env_CXXFLAGS_value=
ac_cv_env_CXX_set=
ac_cv_env_CXX_value=
ac_cv_env_EFL_CFLAGS_set=
ac_cv_env_EFL_CFLAGS_value=
ac_cv_env_EFL_LIBS_set=
ac_cv_env_EFL_LIBS_value=
ac_cv_env_ENOTIFY_CFLAGS_set=
ac_cv_env_ENOTIFY_CFLAGS_value=
ac_cv_env_ENOTIFY_LIBS_set=
ac_cv_env_ENOTIFY_LIBS_value=
ac_cv_env_E_CFLAGS_set=
ac_cv_env_E_CFLAGS_value=
ac_cv_env_E_LIBS_set=
ac_cv_env_E_LIBS_value=
ac_cv_env_LDFLAGS_set=
ac_cv_env_LDFLAGS_value=
ac_cv_env_LIBS_set=
ac_cv_env_LIBS_value=
ac_cv_env_PKG_CONFIG_LIBDIR_set=
ac_cv_env_PKG_CONFIG_LIBDIR_value=
ac_cv_env_PKG_CONFIG_PATH_set=
ac_cv_env_PKG_CONFIG_PATH_value=
ac_cv_env_PKG_CONFIG_set=
ac_cv_env_PKG_CONFIG_value=
ac_cv_env_PULSE_CFLAGS_set=
ac_cv_env_PULSE_CFLAGS_value=
ac_cv_env_PULSE_LIBS_set=
ac_cv_env_PULSE_LIBS_value=
ac_cv_env_build_alias_set=
ac_cv_env_build_alias_value=
ac_cv_env_host_alias_set=
ac_cv_env_host_alias_value=
ac_cv_env_target_alias_set=
ac_cv_env_target_alias_value=
ac_cv_header_dlfcn_h=yes
ac_cv_header_inttypes_h=yes
ac_cv_header_memory_h=yes
ac_cv_header_minix_config_h=no
ac_cv_header_stdc=yes
ac_cv_header_stdint_h=yes
ac_cv_header_stdlib_h=yes
ac_cv_header_string_h=yes
ac_cv_header_strings_h=yes
ac_cv_header_sys_stat_h=yes
ac_cv_header_sys_types_h=yes
ac_cv_header_unistd_h=yes
ac_cv_host=x86_64-unknown-linux-gnu
ac_cv_objext=o
ac_cv_path_EGREP='/bin/grep -E'
ac_cv_path_FGREP='/bin/grep -F'
ac_cv_path_GMSGFMT=/usr/bin/msgfmt
ac_cv_path_GREP=/bin/grep
ac_cv_path_MSGFMT=/usr/bin/msgfmt
ac_cv_path_MSGMERGE=/usr/bin/msgmerge
ac_cv_path_SED=/bin/sed
ac_cv_path_XGETTEXT=/usr/bin/xgettext
ac_cv_path_ac_pt_PKG_CONFIG=/usr/bin/pkg-config
ac_cv_path_install='/usr/bin/install -c'
ac_cv_path_mkdir=/bin/mkdir
ac_cv_prog_AWK=gawk
ac_cv_prog_CPP='gcc -E'
ac_cv_prog_CXXCPP='g++ -E'
ac_cv_prog_ac_ct_AR=ar
ac_cv_prog_ac_ct_CC=gcc
ac_cv_prog_ac_ct_CXX=g++
ac_cv_prog_ac_ct_MANIFEST_TOOL=mt
ac_cv_prog_ac_ct_OBJDUMP=objdump
ac_cv_prog_ac_ct_RANLIB=ranlib
ac_cv_prog_ac_ct_STRIP=strip
ac_cv_prog_cc_c89=
ac_cv_prog_cc_g=yes
ac_cv_prog_cxx_g=yes
ac_cv_prog_make_make_set=yes
ac_cv_safe_to_define___extensions__=yes
acl_cv_hardcode_direct=no
acl_cv_hardcode_libdir_flag_spec='${wl}-rpath ${wl}$libdir'
acl_cv_hardcode_libdir_separator=
acl_cv_hardcode_minus_L=no
acl_cv_libext=a
acl_cv_libname_spec='lib$name'
acl_cv_library_names_spec='$libname$shrext'
acl_cv_path_LD='/usr/bin/ld -m elf_x86_64'
acl_cv_prog_gnu_ld=yes
acl_cv_rpath=done
acl_cv_shlibext=so
acl_cv_wl=-Wl,
am_cv_CC_dependencies_compiler_type=gcc3
am_cv_CXX_dependencies_compiler_type=gcc3
am_cv_make_support_nested_variables=yes
am_cv_prog_cc_c_o=yes
e_cv_want_enotify=yes
gt_cv_func_CFLocaleCopyCurrent=no
gt_cv_func_CFPreferencesCopyAppValue=no
gt_cv_func_gnugettext2_libc=yes
lt_cv_ar_at_file=@
lt_cv_archive_cmds_need_lc=no
lt_cv_deplibs_check_method=pass_all
lt_cv_file_magic_cmd='$MAGIC_CMD'
lt_cv_file_magic_test_file=
lt_cv_ld_reload_flag=-r
lt_cv_nm_interface='BSD nm'
lt_cv_objdir=.libs
lt_cv_path_LD=/usr/bin/ld
lt_cv_path_LDCXX='/usr/bin/ld -m elf_x86_64'
lt_cv_path_NM='/usr/bin/nm -B'
lt_cv_path_mainfest_tool=no
lt_cv_prog_compiler_c_o=yes
lt_cv_prog_compiler_c_o_CXX=yes
lt_cv_prog_compiler_pic='-fPIC -DPIC'
lt_cv_prog_compiler_pic_CXX='-fPIC -DPIC'
lt_cv_prog_compiler_pic_works=yes
lt_cv_prog_compiler_pic_works_CXX=yes
lt_cv_prog_compiler_rtti_exceptions=no
lt_cv_prog_compiler_static_works=yes
lt_cv_prog_compiler_static_works_CXX=yes
lt_cv_prog_gnu_ld=yes
lt_cv_prog_gnu_ldcxx=yes
lt_cv_sharedlib_from_linklib_cmd='printf %s\n'
lt_cv_shlibpath_overrides_runpath=no
lt_cv_sys_global_symbol_pipe='sed -n -e '\''s/^.*[	 ]\([ABCDGIRSTW][ABCDGIRSTW]*\)[	 ][	 ]*\([_A-Za-z][_A-Za-z0-9]*\)$/\1 \2 \2/p'\'' | sed '\''/ __gnu_lto/d'\'''
lt_cv_sys_global_symbol_to_c_name_address='sed -n -e '\''s/^: \([^ ]*\)[ ]*$/  {\"\1\", (void *) 0},/p'\'' -e '\''s/^[ABCDGIRSTW]* \([^ ]*\) \([^ ]*\)$/  {"\2", (void *) \&\2},/p'\'''
lt_cv_sys_global_symbol_to_c_name_address_lib_prefix='sed -n -e '\''s/^: \([^ ]*\)[ ]*$/  {\"\1\", (void *) 0},/p'\'' -e '\''s/^[ABCDGIRSTW]* \([^ ]*\) \(lib[^ ]*\)$/  {"\2", (void *) \&\2},/p'\'' -e '\''s/^[ABCDGIRSTW]* \([^ ]*\) \([^ ]*\)$/  {"lib\2", (void *) \&\2},/p'\'''
lt_cv_sys_global_symbol_to_cdecl='sed -n -e '\''s/^T .* \(.*\)$/extern int \1();/p'\'' -e '\''s/^[ABCDGIRSTW]* .* \(.*\)$/extern char \1;/p'\'''
lt_cv_sys_max_cmd_len=1572864
lt_cv_to_host_file_cmd=func_convert_file_noop
lt_cv_to_tool_file_cmd=func_convert_file_noop
pkg_cv_EFL_CFLAGS='-pthread -D_REENTRANT -I/usr/include/elementary-1 -I/usr/include/elocation-1 -I/usr/include/efl-1 -I/usr/include/ecore-fb-1 -I/usr/include/ecore-x-1 -I/usr/include/eina-1 -I/usr/include/eina-1/eina -I/usr/include/eet-1 -I/usr/include/evas-1 -I/usr/include/ecore-1 -I/usr/include/ecore-evas-1 -I/usr/include/ecore-file-1 -I/usr/include/ecore-input-1 -I/usr/include/edje-1 -I/usr/include/eo-1 -I/usr/include/ethumb-client-1 -I/usr/include/emotion-1 -I/usr/include/ecore-imf-1 -I/usr/include/ecore-con-1 -I/usr/include/eio-1 -I/usr/include/eldbus-1 -I/usr/include/efreet-1 -I/usr/include/glib-2.0 -I/usr/lib/x86_64-linux-gnu/glib-2.0/include -I/usr/include/emile-1 -I/usr/include/libpng12 -I/usr/include/harfbuzz -I/usr/include/fribidi -I/usr/include/freetype2 -I/usr/include/ector-1 -I/usr//include/luajit-2.0 -I/usr/include/ecore-input-evas-1 -I/usr/include/ecore-audio-1 -I/usr/include/ephysics-1 -I/usr/include/embryo-1 -I/usr/include/ecore-imf-evas-1 -I/usr/include/bullet -I/usr/include/ethumb-1 -I/usr/include/dbus-1.0 -I/usr/lib/x86_64-linux-gnu/dbus-1.0/include -I/usr/include/eeze-1 -I/usr/include/libmount -I/usr/include/blkid -I/usr/include/uuid  '
pkg_cv_EFL_LIBS='-lelementary -lefl -leina -lpthread -levas -lecore_evas -lecore_input -ledje -leo -lethumb_client -lemotion -lecore_imf -lecore_con -leldbus -lefreet -lefreet_mime -lefreet_trash -leio -ldl -lm -leet -lecore -lecore_file  '
pkg_cv_ENOTIFY_CFLAGS='-pthread -I/usr/include/e_dbus-1 -I/usr/include/efl-1 -I/usr/include/ecore-1 -I/usr/include/eina-1 -I/usr/include/eina-1/eina -I/usr/include/dbus-1.0 -I/usr/lib/x86_64-linux-gnu/dbus-1.0/include -I/usr/include/glib-2.0 -I/usr/lib/x86_64-linux-gnu/glib-2.0/include -I/usr/include/eo-1  '
pkg_cv_ENOTIFY_LIBS='-ledbus -ldbus-1  '
pkg_cv_E_CFLAGS='-DUSE_E_CONFIG_H -pthread -D_REENTRANT -I/usr/include/enlightenment -I/usr/include/efl-1 -I/usr/include/evas-1 -I/usr/include/ecore-1 -I/usr/include/ecore-x-1 -I/usr/include/ecore-evas-1 -I/usr/include/ecore-con-1 -I/usr/include/ecore-ipc-1 -I/usr/include/ecore-file-1 -I/usr/include/eet-1 -I/usr/include/edje-1 -I/usr/include/efreet-1 -I/usr/include/eina-1 -I/usr/include/eina-1/eina -I/usr/include/dbus-1.0 -I/usr/lib/x86_64-linux-gnu/dbus-1.0/include -I/usr/include/e_dbus-1 -I/usr/include/eio-1 -I/usr/include/eeze-1 -I/usr/include/elementary-1 -I/usr/include/emotion-1 -I/usr/include/libpng12 -I/usr/include/harfbuzz -I/usr/include/fribidi -I/usr/include/freetype2 -I/usr/include/ector-1 -I/usr/include/emile-1 -I/usr/include/eo-1 -I/usr//include/luajit-2.0 -I/usr/include/glib-2.0 -I/usr/lib/x86_64-linux-gnu/glib-2.0/include -I/usr/include/ecore-input-1 -I/usr/include/ecore-input-evas-1 -I/usr/include/ecore-audio-1 -I/usr/include/ephysics-1 -I/usr/include/embryo-1 -I/usr/include/ecore-imf-evas-1 -I/usr/include/ecore-imf-1 -I/usr/include/bullet -I/usr/include/eldbus-1 -I/usr/include/libmount -I/usr/include/blkid -I/usr/include/uuid -I/usr/include/elocation-1 -I/usr/include/ecore-fb-1 -I/usr/include/ethumb-client-1 -I/usr/include/ethumb-1  '
pkg_cv_E_LIBS='-lecore_x -lecore_ipc -lehal -ledbus -ldbus-1 -leukit -leeze -lelementary -lefl -leina -lpthread -leet -levas -lecore -lecore_evas -lecore_file -lecore_input -ledje -leo -lethumb_client -lecore_imf -lecore_con -leldbus -lefreet -lefreet_mime -lefreet_trash -leio -ldl -lm -lemotion  '
pkg_cv_PULSE_CFLAGS='-D_REENTRANT  '
pkg_cv_PULSE_LIBS='-lpulse-simple -lpulse  '

## ----------------- ##
## Output variables. ##
## ----------------- ##

ACLOCAL='${SHELL} /media/jeff/Storage/GitHub/moksha-pulsemixer/missing aclocal-1.14'
AMDEPBACKSLASH='\'
AMDEP_FALSE='#'
AMDEP_TRUE=''
AMTAR='$${TAR-tar}'
AM_BACKSLASH='\'
AM_DEFAULT_V='$(AM_DEFAULT_VERBOSITY)'
AM_DEFAULT_VERBOSITY='0'
AM_V='$(V)'
AR='ar'
AUTOCONF='${SHELL} /media/jeff/Storage/GitHub/moksha-pulsemixer/missing autoconf'
AUTOHEADER='${SHELL} /media/jeff/Storage/GitHub/moksha-pulsemixer/missing autoheader'
AUTOMAKE='${SHELL} /media/jeff/Storage/GitHub/moksha-pulsemixer/missing automake-1.14'
AWK='gawk'
CC='gcc'
CCDEPMODE='depmode=gcc3'
CFLAGS='-g -O2  -Wall -Wextra -Wshadow -fvisibility=hidden'
CPP='gcc -E'
CPPFLAGS=''
CXX='g++'
CXXCPP='g++ -E'
CXXDEPMODE='depmode=gcc3'
CXXFLAGS='-g -O2'
CYGPATH_W='echo'
DEFS='-DHAVE_CONFIG_H'
DEPDIR='.deps'
DLLTOOL='false'
DSYMUTIL=''
DUMPBIN=''
ECHO_C=''
ECHO_N='-n'
ECHO_T=''
EFL_CFLAGS='-pthread -D_REENTRANT -I/usr/include/elementary-1 -I/usr/include/elocation-1 -I/usr/include/efl-1 -I/usr/include/ecore-fb-1 -I/usr/include/ecore-x-1 -I/usr/include/eina-1 -I/usr/include/eina-1/eina -I/usr/include/eet-1 -I/usr/include/evas-1 -I/usr/include/ecore-1 -I/usr/include/ecore-evas-1 -I/usr/include/ecore-file-1 -I/usr/include/ecore-input-1 -I/usr/include/edje-1 -I/usr/include/eo-1 -I/usr/include/ethumb-client-1 -I/usr/include/emotion-1 -I/usr/include/ecore-imf-1 -I/usr/include/ecore-con-1 -I/usr/include/eio-1 -I/usr/include/eldbus-1 -I/usr/include/efreet-1 -I/usr/include/glib-2.0 -I/usr/lib/x86_64-linux-gnu/glib-2.0/include -I/usr/include/emile-1 -I/usr/include/libpng12 -I/usr/include/harfbuzz -I/usr/include/fribidi -I/usr/include/freetype2 -I/usr/include/ector-1 -I/usr//include/luajit-2.0 -I/usr/include/ecore-input-evas-1 -I/usr/include/ecore-audio-1 -I/usr/include/ephysics-1 -I/usr/include/embryo-1 -I/usr/include/ecore-imf-evas-1 -I/usr/include/bullet -I/usr/include/ethumb-1 -I/usr/include/dbus-1.0 -I/usr/lib/x86_64-linux-gnu/dbus-1.0/include -I/usr/include/eeze-1 -I/usr/include/libmount -I/usr/include/blkid -I/usr/include/uuid  '
EFL_LIBS='-lelementary -lefl -leina -lpthread -levas -lecore_evas -lecore_input -ledje -leo -lethumb_client -lemotion -lecore_imf -lecore_con -leldbus -lefreet -lefreet_mime -lefreet_trash -leio -ldl -lm -leet -lecore -lecore_file  '
EGREP='/bin/grep -E'
ENOTIFY_CFLAGS='-pthread -I/usr/include/e_dbus-1 -I/usr/include/efl-1 -I/usr/include/ecore-1 -I/usr/include/eina-1 -I/usr/include/eina-1/eina -I/usr/include/dbus-1.0 -I/usr/lib/x86_64-linux-gnu/dbus-1.0/include -I/usr/include/glib-2.0 -I/usr/lib/x86_64-linux-gnu/glib-2.0/include -I/usr/include/eo-1  '
ENOTIFY_LIBS='-ledbus -ldbus-1  '
EXEEXT=''
E_CFLAGS='-DUSE_E_CONFIG_H -pthread -D_REENTRANT -I/usr/include/enlightenment -I/usr/include/efl-1 -I/usr/include/evas-1 -I/usr/include/ecore-1 -I/usr/include/ecore-x-1 -I/usr/include/ecore-evas-1 -I/usr/include/ecore-con-1 -I/usr/include/ecore-ipc-1 -I/usr/include/ecore-file-1 -I/usr/include/eet-1 -I/usr/include/edje-1 -I/usr/include/efreet-1 -I/usr/include/eina-1 -I/usr/include/eina-1/eina -I/usr/include/dbus-1.0 -I/usr/lib/x86_64-linux-gnu/dbus-1.0/include -I/usr/include/e_dbus-1 -I/usr/include/eio-1 -I/usr/include/eeze-1 -I/usr/include/elementary-1 -I/usr/include/emotion-1 -I/usr/include/libpng12 -I/usr/include/harfbuzz -I/usr/include/fribidi -I/usr/include/freetype2 -I/usr/include/ector-1 -I/usr/include/emile-1 -I/usr/include/eo-1 -I/usr//include/luajit-2.0 -I/usr/include/glib-2.0 -I/usr/lib/x86_64-linux-gnu/glib-2.0/include -I/usr/include/ecore-input-1 -I/usr/include/ecore-input-evas-1 -I/usr/include/ecore-audio-1 -I/usr/include/ephysics-1 -I/usr/include/embryo-1 -I/usr/include/ecore-imf-evas-1 -I/usr/include/ecore-imf-1 -I/usr/include/bullet -I/usr/include/eldbus-1 -I/usr/include/libmount -I/usr/include/blkid -I/usr/include/uuid -I/usr/include/elocation-1 -I/usr/include/ecore-fb-1 -I/usr/include/ethumb-client-1 -I/usr/include/ethumb-1  '
E_LIBS='-lecore_x -lecore_ipc -lehal -ledbus -ldbus-1 -leukit -leeze -lelementary -lefl -leina -lpthread -leet -levas -lecore -lecore_evas -lecore_file -lecore_input -ledje -leo -lethumb_client -lecore_imf -lecore_con -leldbus -lefreet -lefreet_mime -lefreet_trash -leio -ldl -lm -lemotion  '
FGREP='/bin/grep -F'
GETTEXT_MACRO_VERSION='0.18'
GMSGFMT='/usr/bin/msgfmt'
GMSGFMT_015='/usr/bin/msgfmt'
GREP='/bin/grep'
HAVE_ENOTIFY_FALSE=''
HAVE_ENOTIFY_TRUE='#'
INSTALL_DATA='${INSTALL} -m 644'
INSTALL_PROGRAM='${INSTALL}'
INSTALL_SCRIPT='${INSTALL}'
INSTALL_STRIP_PROGRAM='$(install_sh) -c -s'
INTLLIBS=''
INTL_MACOSX_LIBS=''
LD='/usr/bin/ld -m elf_x86_64'
LDFLAGS=''
LIBICONV='-liconv'
LIBINTL=''
LIBOBJS=''
LIBS=''
LIBTOOL='$(SHELL) $(top_builddir)/libtool'
LIPO=''
LN_S='ln -s'
LTLIBICONV='-liconv'
LTLIBINTL=''
LTLIBOBJS=''
MAKEINFO='${SHELL} /media/jeff/Storage/GitHub/moksha-pulsemixer/missing makeinfo'
MANIFEST_TOOL=':'
MKDIR_P='/bin/mkdir -p'
MODULE_ARCH='linux-gnu-x86_64-0.17.6'
MSGFMT='/usr/bin/msgfmt'
MSGFMT_015='/usr/bin/msgfmt'
MSGMERGE='/usr/bin/msgmerge'
NM='/usr/bin/nm -B'
NMEDIT=''
OBJDUMP='objdump'
OBJEXT='o'
OTOOL64=''
OTOOL=''
PACKAGE='epulse'
PACKAGE_BUGREPORT='flavio.ceolin@gmail.com'
PACKAGE_NAME='epulse'
PACKAGE_STRING='epulse 0.1'
PACKAGE_TARNAME='epulse'
PACKAGE_URL=''
PACKAGE_VERSION='0.1'
PATH_SEPARATOR=':'
PKG_CONFIG='/usr/bin/pkg-config'
PKG_CONFIG_LIBDIR=''
PKG_CONFIG_PATH=''
POSUB='po'
PULSE_CFLAGS='-D_REENTRANT  '
PULSE_LIBS='-lpulse-simple -lpulse  '
RANLIB='ranlib'
SED='/bin/sed'
SET_MAKE=''
SHELL='/bin/bash'
STRIP='strip'
USE_NLS='yes'
VERSION='0.1'
XGETTEXT='/usr/bin/xgettext'
XGETTEXT_015='/usr/bin/xgettext'
XGETTEXT_EXTRA_OPTIONS=''
ac_ct_AR='ar'
ac_ct_CC='gcc'
ac_ct_CXX='g++'
ac_ct_DUMPBIN=''
am__EXEEXT_FALSE=''
am__EXEEXT_TRUE='#'
am__fastdepCC_FALSE='#'
am__fastdepCC_TRUE=''
am__fastdepCXX_FALSE='#'
am__fastdepCXX_TRUE=''
am__include='include'
am__isrc=''
am__leading_dot='.'
am__nodep='_no'
am__quote=''
am__tar='$${TAR-tar} chof - "$$tardir"'
am__untar='$${TAR-tar} xf -'
bindir='${exec_prefix}/bin'
build='x86_64-unknown-linux-gnu'
build_alias=''
build_cpu='x86_64'
build_os='linux-gnu'
build_vendor='unknown'
datadir='${datarootdir}'
datarootdir='${prefix}/share'
docdir='${datarootdir}/doc/${PACKAGE_TARNAME}'
dvidir='${docdir}'
edje_cc='/usr/bin/edje_cc'
exec_prefix='${prefix}'
host='x86_64-unknown-linux-gnu'
host_alias=''
host_cpu='x86_64'
host_os='linux-gnu'
host_vendor='unknown'
htmldir='${docdir}'
includedir='${prefix}/include'
infodir='${datarootdir}/info'
install_sh='${SHELL} /media/jeff/Storage/GitHub/moksha-pulsemixer/install-sh'
libdir='${exec_prefix}/lib'
libexecdir='${exec_prefix}/libexec'
localedir='${datarootdir}/locale'
localstatedir='${prefix}/var'
mandir='${datarootdir}/man'
mkdir_p='/bin/mkdir -p'
oldincludedir='/usr/include'
pdfdir='${docdir}'
pkgdir='/usr/lib/x86_64-linux-gnu/enlightenment/modules/epulse'
prefix='/usr'
program_transform_name='s,x,x,'
psdir='${docdir}'
sbindir='${exec_prefix}/sbin'
sharedstatedir='${prefix}/com'
sysconfdir='${prefix}/etc'
target_alias=''

## ----------- ##
## confdefs.h. ##
## ----------- ##

/* confdefs.h */
#define PACKAGE_NAME "epulse"
#define PACKAGE_TARNAME "epulse"
#define PACKAGE_VERSION "0.1"
#define PACKAGE_STRING "epulse 0.1"
#define PACKAGE_BUGREPORT "flavio.ceolin@gmail.com"
#define PACKAGE_URL ""
#define PACKAGE "epulse"
#define VERSION "0.1"
#define STDC_HEADERS 1
#define HAVE_SYS_TYPES_H 1
#define HAVE_SYS_STAT_H 1
#define HAVE_STDLIB_H 1
#define HAVE_STRING_H 1
#define HAVE_MEMORY_H 1
#define HAVE_STRINGS_H 1
#define HAVE_INTTYPES_H 1
#define HAVE_STDINT_H 1
#define HAVE_UNISTD_H 1
#define __EXTENSIONS__ 1
#define _ALL_SOURCE 1
#define _GNU_SOURCE 1
#define _POSIX_PTHREAD_SEMANTICS 1
#define _TANDEM_SOURCE 1
#define HAVE___ATTRIBUTE__ 1
#define __UNUSED__ __attribute__((unused))
#define HAVE_DLFCN_H 1
#define LT_OBJDIR ".libs/"
#define ENABLE_NLS 1
#define HAVE_GETTEXT 1
#define HAVE_DCGETTEXT 1
#define HAVE_ENOTIFY 1
#define MODULE_ARCH "linux-gnu-x86_64-0.17.6"
#define MODULE_VERSION "0.1"

configure: exit 0
